C:\USERS\심규복\DESKTOP\C 고급 & C++\THEATER\THEATER\DEBUG\THEATER.EXE
C:\USERS\심규복\DESKTOP\C 고급 & C++\THEATER\THEATER\DEBUG\THEATER.ILK
C:\USERS\심규복\DESKTOP\C 고급 & C++\THEATER\THEATER\DEBUG\THEATER.PDB
C:\Users\심규복\Desktop\c 고급 & c++\theater\theater\theater\Debug\cl.command.1.tlog
C:\Users\심규복\Desktop\c 고급 & c++\theater\theater\theater\Debug\CL.read.1.tlog
C:\Users\심규복\Desktop\c 고급 & c++\theater\theater\theater\Debug\CL.write.1.tlog
C:\USERS\심규복\DESKTOP\C 고급 & C++\THEATER\THEATER\THEATER\DEBUG\DISPLAY.OBJ
C:\USERS\심규복\DESKTOP\C 고급 & C++\THEATER\THEATER\THEATER\DEBUG\GAME.OBJ
C:\USERS\심규복\DESKTOP\C 고급 & C++\THEATER\THEATER\THEATER\DEBUG\GUEST.OBJ
C:\Users\심규복\Desktop\c 고급 & c++\theater\theater\theater\Debug\link.3720.read.1.tlog
C:\Users\심규복\Desktop\c 고급 & c++\theater\theater\theater\Debug\link.3720.write.1.tlog
C:\Users\심규복\Desktop\c 고급 & c++\theater\theater\theater\Debug\link.3720-cvtres.read.1.tlog
C:\Users\심규복\Desktop\c 고급 & c++\theater\theater\theater\Debug\link.3720-cvtres.write.1.tlog
C:\Users\심규복\Desktop\c 고급 & c++\theater\theater\theater\Debug\link.command.1.tlog
C:\Users\심규복\Desktop\c 고급 & c++\theater\theater\theater\Debug\link.read.1.tlog
C:\Users\심규복\Desktop\c 고급 & c++\theater\theater\theater\Debug\link.write.1.tlog
C:\Users\심규복\Desktop\c 고급 & c++\theater\theater\theater\Debug\link-cvtres.read.1.tlog
C:\Users\심규복\Desktop\c 고급 & c++\theater\theater\theater\Debug\link-cvtres.write.1.tlog
C:\USERS\심규복\DESKTOP\C 고급 & C++\THEATER\THEATER\THEATER\DEBUG\MAIN.OBJ
C:\Users\심규복\Desktop\c 고급 & c++\theater\theater\theater\Debug\mt.command.1.tlog
C:\Users\심규복\Desktop\c 고급 & c++\theater\theater\theater\Debug\mt.read.1.tlog
C:\Users\심규복\Desktop\c 고급 & c++\theater\theater\theater\Debug\mt.write.1.tlog
C:\USERS\심규복\DESKTOP\C 고급 & C++\THEATER\THEATER\THEATER\DEBUG\MYMOVIE.OBJ
C:\USERS\심규복\DESKTOP\C 고급 & C++\THEATER\THEATER\THEATER\DEBUG\MYSNACK.OBJ
C:\USERS\심규복\DESKTOP\C 고급 & C++\THEATER\THEATER\THEATER\DEBUG\MYTICKET.OBJ
C:\Users\심규복\Desktop\c 고급 & c++\theater\theater\theater\Debug\rc.command.1.tlog
C:\Users\심규복\Desktop\c 고급 & c++\theater\theater\theater\Debug\rc.read.1.tlog
C:\Users\심규복\Desktop\c 고급 & c++\theater\theater\theater\Debug\rc.write.1.tlog
C:\USERS\심규복\DESKTOP\C 고급 & C++\THEATER\THEATER\THEATER\DEBUG\SUBCHECK.OBJ
C:\USERS\심규복\DESKTOP\C 고급 & C++\THEATER\THEATER\THEATER\DEBUG\SUBTHEATER.OBJ
C:\USERS\심규복\DESKTOP\C 고급 & C++\THEATER\THEATER\THEATER\DEBUG\THEATER.EXE.EMBED.MANIFEST
C:\USERS\심규복\DESKTOP\C 고급 & C++\THEATER\THEATER\THEATER\DEBUG\THEATER.EXE.EMBED.MANIFEST.RES
C:\USERS\심규복\DESKTOP\C 고급 & C++\THEATER\THEATER\THEATER\DEBUG\THEATER.EXE.INTERMEDIATE.MANIFEST
C:\Users\심규복\Desktop\c 고급 & c++\theater\theater\theater\Debug\theater_manifest.rc
C:\Users\심규복\Desktop\c 고급 & c++\theater\theater\theater\Debug\vc100.idb
C:\USERS\심규복\DESKTOP\C 고급 & C++\THEATER\THEATER\THEATER\DEBUG\VC100.PDB
